2025-11-20 11:04:47,516 - INFO - 查询 Topic 配置: duowei_jst_order
2025-11-20 11:04:47,771 - INFO - 连接 Kafka: alikafka-pre-cn-7pp2s1qpf009-1-vpc.alikafka.aliyuncs.com:9092,alikafka-pre-cn-7pp2s1qpf009-2-vpc.alikafka.aliyuncs.com:9092,alikafka-pre-cn-7pp2s1qpf009-3-vpc.alikafka.aliyuncs.com:9092
2025-11-20 11:04:47,771 - INFO - 采样 Topic: duowei_jst_order (10 条)
2025-11-20 11:04:48,353 - ERROR - 生成失败: [Error 30] GroupAuthorizationFailedError: duowei_jst_order_stg
2025-11-20 11:30:28,806 - ERROR - 拉取失败: [Error 30] GroupAuthorizationFailedError: duowei_jst_order_stg
2025-11-20 13:39:42,800 - INFO - 查询 Topic 配置: duowei_jst_order
2025-11-20 13:39:43,061 - INFO - 从文件加载数据: /Users/abc/PycharmProjects/kafka_flink_hologres/demo/topic_data
2025-11-20 13:39:43,061 - INFO - 加载完成，共 1 条数据
2025-11-20 13:39:43,061 - INFO - 推断数据类型...
2025-11-20 13:39:43,062 - INFO - 推断完成，共 14 个字段
2025-11-20 13:39:43,062 - INFO - 生成 DDL...
2025-11-20 13:39:43,062 - INFO - 生成 Flink SQL...
2025-11-20 13:39:43,062 - INFO - 检查 Sink 表: stg_kafka_duowei_jst_order_rt
2025-11-20 13:39:43,089 - INFO - 创建表...
2025-11-20 13:39:43,116 - ERROR - 生成失败: type "double" does not exist

2025-11-20 13:42:04,789 - INFO - 查询 Topic 配置: duowei_jst_order
2025-11-20 13:42:04,999 - INFO - 从文件加载数据: /Users/abc/PycharmProjects/kafka_flink_hologres/demo/topic_data
2025-11-20 13:42:05,000 - INFO - 加载完成，共 1 条数据
2025-11-20 13:42:05,000 - INFO - 推断数据类型...
2025-11-20 13:42:05,001 - INFO - 推断完成，共 14 个字段
2025-11-20 13:42:05,001 - INFO - 生成 DDL...
2025-11-20 13:42:05,001 - INFO - 生成 Flink SQL...
2025-11-20 13:42:05,001 - INFO - 检查 Sink 表: stg_kafka_duowei_jst_order_rt
2025-11-20 13:42:05,039 - INFO - 创建表...
2025-11-20 13:42:05,264 - INFO - 创建表成功
2025-11-20 13:42:05,264 - INFO - 保存 SQL 记录...
2025-11-20 13:42:05,350 - ERROR - 生成失败: null value in column "id" violates not-null constraint
DETAIL:  Failing row contains (null).
CONTEXT:  [query_id:1001004361732540180],Instance:[hgprecn-cn-bkh4ijbpm001],QueryId:[1001004361732540180]

2025-11-20 13:52:20,505 - INFO - 查询 Topic 配置: duowei_jst_order
2025-11-20 13:52:20,756 - INFO - 从文件加载数据: /Users/abc/PycharmProjects/kafka_flink_hologres/demo/topic_data
2025-11-20 13:52:20,756 - INFO - 加载完成，共 1 条数据
2025-11-20 13:52:20,756 - INFO - 推断数据类型...
2025-11-20 13:52:20,757 - INFO - 推断完成，共 14 个字段
2025-11-20 13:52:20,757 - INFO - 生成 DDL...
2025-11-20 13:52:20,757 - INFO - 生成 Flink SQL...
2025-11-20 13:52:20,757 - INFO - 检查 Sink 表: stg_kafka_duowei_jst_order_rt
2025-11-20 13:52:20,870 - WARNING - 表已存在: stg_kafka_duowei_jst_order_rt
2025-11-20 13:52:20,870 - ERROR - 生成失败: 表已存在: stg_kafka_duowei_jst_order_rt，请使用不同的表名
2025-11-20 14:09:49,699 - INFO - 查询 Topic 配置: duowei_jst_order
2025-11-20 14:09:50,269 - INFO - 从文件加载数据: /Users/abc/PycharmProjects/kafka_flink_hologres/demo/topic_data
2025-11-20 14:09:50,270 - INFO - 加载完成，共 1 条数据
2025-11-20 14:09:50,271 - INFO - 推断数据类型...
2025-11-20 14:09:50,274 - INFO - 推断完成，共 14 个字段
2025-11-20 14:09:50,274 - INFO - 生成 DDL...
2025-11-20 14:09:50,274 - INFO - 生成 Flink SQL...
2025-11-20 14:09:50,274 - INFO - 检查 Sink 表: stg_kafka_duowei_jst_order_rt
2025-11-20 14:09:50,317 - INFO - 创建表...
2025-11-20 14:09:50,515 - INFO - 创建表成功
2025-11-20 14:09:50,515 - INFO - 保存 SQL 记录...
2025-11-20 14:09:50,707 - INFO - 保存成功，Record ID: 1
